This file contains any messages produced by compilers while
running configure, to aid debugging if configure makes a mistake.

It was created by configure, which was
generated by GNU Autoconf 2.57.  Invocation command line was

  $ ./configure --enable-embedded --enable-qt-embedded --enable-qpe --disable-debug --enable-static --disable-shared --disable-mt --without-ssl --with-qt-dir= --with-qt-includes=/include --with-qt-libraries=/lib --with-qtopia-dir= --with-gui=qpe --host=arm-linux --target=arm-linux

## --------- ##
## Platform. ##
## --------- ##

hostname = rastasheep-ubuntu18-sshd
uname -m = x86_64
uname -r = 3.10.102
uname -s = Linux
uname -v = #15284 SMP Mon Jul 9 23:04:14 CST 2018

/usr/bin/uname -p = unknown
/bin/uname -X     = unknown

/bin/arch              = unknown
/usr/bin/arch -k       = unknown
/usr/convex/getsysinfo = unknown
hostinfo               = unknown
/bin/machine           = unknown
/usr/bin/oslevel       = unknown
/bin/universe          = unknown

PATH: /docker/usr/opt/FriendlyARM/toolschain/4.4.3/bin
PATH: /docker/usr/hisi-linux/x86-arm/arm-hisiv600-linux/bin/
PATH: /docker/usr/hisi-linux/x86-arm/arm-himix200-linux/bin/
PATH: /docker/usr/bin/
PATH: /usr/local/sbin
PATH: /usr/local/bin
PATH: /usr/sbin
PATH: /usr/bin
PATH: /sbin
PATH: /bin
PATH: /usr/games


## ----------- ##
## Core tests. ##
## ----------- ##

configure:1538: checking build system type
configure:1556: result: x86_64-unknown-linux-gnu
configure:1564: checking host system type
configure:1578: result: arm-unknown-linux-gnu
configure:1586: checking target system type
configure:1600: result: arm-unknown-linux-gnu
configure:1646: checking for a BSD-compatible install
configure:1700: result: /usr/bin/install -c
configure:1715: checking for -p flag to install
configure:1728: result: yes
configure:1739: checking whether build environment is sane
configure:1782: result: yes
configure:1802: checking for gawk
configure:1831: result: no
configure:1802: checking for mawk
configure:1818: found /usr/bin/mawk
configure:1828: result: mawk
configure:1838: checking whether make sets $(MAKE)
configure:1858: result: yes
configure:1937: checking for arm-linux-strip
configure:1953: found /docker/usr/opt/FriendlyARM/toolschain/4.4.3/bin/arm-linux-strip
configure:1963: result: arm-linux-strip
configure:2071: checking for style of include used by make
configure:2099: result: GNU
configure:2208: checking for arm-linux-gcc
configure:2234: result: arm-linux-gcc
configure:2516: checking for C compiler version
configure:2519: arm-linux-gcc --version </dev/null >&5
.arm-none-linux-gnueabi-gcc (ctng-1.6.1) 4.4.3
Copyright (C) 2010 Free Software Foundation, Inc.
This is free software; see the source for copying conditions.  There is NO
warranty; not even for MERCHANTABILITY or FITNESS FOR A PARTICULAR PURPOSE.

configure:2522: $? = 0
configure:2524: arm-linux-gcc -v </dev/null >&5
Using built-in specs.
Target: arm-none-linux-gnueabi
Configured with: /opt/FriendlyARM/mini2440/build-toolschain/working/src/gcc-4.4.3/configure --build=i386-build_redhat-linux-gnu --host=i386-build_redhat-linux-gnu --target=arm-none-linux-gnueabi --prefix=/opt/FriendlyARM/toolschain/4.4.3 --with-sysroot=/opt/FriendlyARM/toolschain/4.4.3/arm-none-linux-gnueabi//sys-root --enable-languages=c,c++ --disable-multilib --with-arch=armv4t --with-cpu=arm920t --with-tune=arm920t --with-float=soft --with-pkgversion=ctng-1.6.1 --disable-sjlj-exceptions --enable-__cxa_atexit --with-gmp=/opt/FriendlyARM/toolschain/4.4.3 --with-mpfr=/opt/FriendlyARM/toolschain/4.4.3 --with-ppl=/opt/FriendlyARM/toolschain/4.4.3 --with-cloog=/opt/FriendlyARM/toolschain/4.4.3 --with-mpc=/opt/FriendlyARM/toolschain/4.4.3 --with-local-prefix=/opt/FriendlyARM/toolschain/4.4.3/arm-none-linux-gnueabi//sys-root --disable-nls --enable-threads=posix --enable-symvers=gnu --enable-c99 --enable-long-long --enable-target-optspace
Thread model: posix
gcc version 4.4.3 (ctng-1.6.1) 
configure:2527: $? = 0
configure:2529: arm-linux-gcc -V </dev/null >&5
.arm-none-linux-gnueabi-gcc: '-V' option must have argument
configure:2532: $? = 1
configure:2556: checking for C compiler default output
configure:2559: arm-linux-gcc    -ldl conftest.c  >&5
/docker/usr/opt/FriendlyARM/toolschain/4.4.3/bin/../lib/gcc/arm-none-linux-gnueabi/4.4.3/../../../../arm-none-linux-gnueabi/bin/as: error while loading shared libraries: libz.so.1: cannot open shared object file: No such file or directory
configure:2562: $? = 1
configure: failed program was:
| #line 2535 "configure"
| /* confdefs.h.  */
| 
| #define PACKAGE_NAME ""
| #define PACKAGE_TARNAME ""
| #define PACKAGE_VERSION ""
| #define PACKAGE_STRING ""
| #define PACKAGE_BUGREPORT ""
| #define PACKAGE "konqueror-embedded"
| #define VERSION "0.2"
| /* end confdefs.h.  */
| 
| int
| main ()
| {
| 
|   ;
|   return 0;
| }
configure:2601: error: C compiler cannot create executables
See `config.log' for more details.

## ---------------- ##
## Cache variables. ##
## ---------------- ##

ac_cv_build=x86_64-unknown-linux-gnu
ac_cv_build_alias=x86_64-unknown-linux-gnu
ac_cv_env_CC_set=set
ac_cv_env_CC_value=arm-linux-gcc
ac_cv_env_CFLAGS_set=
ac_cv_env_CFLAGS_value=
ac_cv_env_CPPFLAGS_set=
ac_cv_env_CPPFLAGS_value=
ac_cv_env_CPP_set=
ac_cv_env_CPP_value=
ac_cv_env_CXXCPP_set=
ac_cv_env_CXXCPP_value=
ac_cv_env_CXXFLAGS_set=
ac_cv_env_CXXFLAGS_value=
ac_cv_env_CXX_set=set
ac_cv_env_CXX_value=arm-linux-g++
ac_cv_env_LDFLAGS_set=set
ac_cv_env_LDFLAGS_value=-ldl
ac_cv_env_build_alias_set=
ac_cv_env_build_alias_value=
ac_cv_env_host_alias_set=set
ac_cv_env_host_alias_value=arm-linux
ac_cv_env_target_alias_set=set
ac_cv_env_target_alias_value=arm-linux
ac_cv_host=arm-unknown-linux-gnu
ac_cv_host_alias=arm-linux
ac_cv_path_install='/usr/bin/install -c'
ac_cv_prog_AWK=mawk
ac_cv_prog_CC=arm-linux-gcc
ac_cv_prog_STRIP=arm-linux-strip
ac_cv_prog_make_make_set=yes
ac_cv_target=arm-unknown-linux-gnu
ac_cv_target_alias=arm-linux

## ----------------- ##
## Output variables. ##
## ----------------- ##

ACLOCAL='${SHELL} /docker/opt/FriendlyARM/mini2440/arm-qtopia/konq/admin/missing --run aclocal-1.7'
ADD_ON_DIRS=''
AMDEPBACKSLASH='\'
AMDEP_FALSE='#'
AMDEP_TRUE=''
AMTAR='${SHELL} /docker/opt/FriendlyARM/mini2440/arm-qtopia/konq/admin/missing --run tar'
ARTSCCONFIG=''
AUTOCONF='${SHELL} /docker/opt/FriendlyARM/mini2440/arm-qtopia/konq/admin/missing --run autoconf'
AUTODIRS=''
AUTOHEADER='${SHELL} /docker/opt/FriendlyARM/mini2440/arm-qtopia/konq/admin/missing --run autoheader'
AUTOMAKE='${SHELL} /docker/opt/FriendlyARM/mini2440/arm-qtopia/konq/admin/missing --run automake-1.7'
AWK='mawk'
CC='arm-linux-gcc'
CCDEPMODE=''
CFLAGS=' '
CONF_FILES=' $(top_srcdir)/configure.in.in $(top_srcdir)/./konq-embed/add-ons/configure.in.in $(top_srcdir)/./konq-embed/configure.in.in $(top_srcdir)/./konq-embed/dropin/configure.in.in $(top_srcdir)/./konq-embed/dropin/kio/configure.in.in $(top_srcdir)/./konq-embed/dropin/kssl/configure.in.in $(top_srcdir)/./konq-embed/ipkg/configure.in.in $(top_srcdir)/./konq-embed/kdesrc/kdecore/configure.in.in $(top_srcdir)/./konq-embed/kdesrc/kjs/configure.in.in $(top_srcdir)/./konq-embed/src/actions/configure.in.in $(top_srcdir)/./konq-embed/src/configure.in.in'
CPP=''
CPPFLAGS=''
CXX='arm-linux-g++'
CXXCPP=''
CXXDEPMODE=''
CXXFLAGS=''
CYGPATH_W='echo'
DCOPIDL2CPP=''
DCOPIDL=''
DCOP_DEPENDENCIES=''
DEFS=''
DEPDIR='.deps'
DLOPEN_JAVASCRIPT_FALSE=''
DLOPEN_JAVASCRIPT_TRUE=''
DYNAMIC_ADD_ONS_FALSE=''
DYNAMIC_ADD_ONS_TRUE=''
ECHO='echo'
ECHO_C=''
ECHO_N='-n'
ECHO_T=''
ECMA_SUBDIR=''
EGREP=''
ENABLE_PRINTING_FALSE=''
ENABLE_PRINTING_TRUE=''
ENABLE_READWRITE_FALSE=''
ENABLE_READWRITE_TRUE=''
EXEEXT=''
EXPORT_SYMBOLS_FALSE=''
EXPORT_SYMBOLS_TRUE=''
FRAMEWORK_COREAUDIO=''
GETADDRINFO_RETURNS_UNIX=''
GMSGFMT=''
HAVE_BROKEN_GETADDRINFO=''
HAVE_GETADDRINFO=''
HAVE_SOCKADDR_IN6=''
HAVE_SOCKADDR_IN6_SCOPE_ID=''
HAVE_SOCKADDR_SA_LEN=''
HAVE_STRUCT_ADDRINFO=''
INIT_ADDONS=''
INIT_DYN_ADDONS=''
INSTALL_DATA='${INSTALL} -m 644'
INSTALL_PROGRAM='${INSTALL} $(INSTALL_STRIP_FLAG)'
INSTALL_SCRIPT='${INSTALL}'
INSTALL_STRIP_PROGRAM='${SHELL} $(install_sh) -c -s'
JS_HOSTEXTEND_FALSE=''
JS_HOSTEXTEND_TRUE=''
KDECONFIG=''
KDE_EXTRA_RPATH=''
KDE_INCLUDES=''
KDE_IPV6_LOOKUP_MODE=''
KDE_LDFLAGS=''
KDE_MT_LDFLAGS=''
KDE_MT_LIBS=''
KDE_PLUGIN=''
KDE_RPATH=''
KDE_USE_CLOSURE_FALSE=''
KDE_USE_CLOSURE_TRUE=''
KDE_USE_FINAL_FALSE=''
KDE_USE_FINAL_TRUE=''
KDE_XSL_STYLESHEET=''
KIO_FTP=''
KJS_SUBDIR=''
KONQ_EMBEDDED_FALSE=''
KONQ_EMBEDDED_TRUE=''
KONQ_LIBDL=''
KONQ_LIBSSL=''
KONQ_SSL_LDFLAGS=''
LARGEICONS_FALSE=''
LARGEICONS_TRUE=''
LDFLAGS='-ldl'
LIBCOMPAT=''
LIBCRYPT=''
LIBDL=''
LIBJPEG=''
LIBOBJS=''
LIBPCRE=''
LIBPNG=''
LIBPTHREAD=''
LIBRESOLV=''
LIBS=''
LIBSM=''
LIBSOCKET=''
LIBSSL=''
LIBTOOL=''
LIBUCB=''
LIBUTIL=''
LIBZ=''
LIB_ADDONS=''
LIB_DYN_ADDONS=''
LIB_KAB=''
LIB_KABC=''
LIB_KDECORE=''
LIB_KDEPRINT=''
LIB_KDEUI=''
LIB_KFILE=''
LIB_KFM=''
LIB_KHTML=''
LIB_KIO=''
LIB_KJSHTML=''
LIB_KPARTS=''
LIB_KSPELL=''
LIB_KSYCOCA=''
LIB_POLL=''
LIB_QPE=''
LIB_QT=''
LIB_QTOPIA=''
LIB_SMB=''
LIB_X11=''
LIB_XEXT=''
LN_S=''
LTLIBOBJS=''
MAKEINFO='${SHELL} /docker/opt/FriendlyARM/mini2440/arm-qtopia/konq/admin/missing --run makeinfo'
MCOPIDL=''
MEINPROC=''
MOC=''
MSGFMT=''
NOOPT_CFLAGS=''
NOOPT_CXXFLAGS=''
NOREPO=''
OBJEXT=''
PACKAGE='konqueror-embedded'
PACKAGE_BUGREPORT=''
PACKAGE_NAME=''
PACKAGE_STRING=''
PACKAGE_TARNAME=''
PACKAGE_VERSION=''
PATH_SEPARATOR=':'
QTE_NORTTI=''
QTOPIA_INCLUDES=''
QT_INCLUDES=''
QT_LDFLAGS=''
RANLIB=''
REPO=''
SET_MAKE=''
SHELL='/bin/sh'
SSL_INCLUDES=''
SSL_LDFLAGS=''
STATIC_ADD_ONS_FALSE=''
STATIC_ADD_ONS_TRUE=''
STRIP='arm-linux-strip'
TOPSUBDIRS=''
UIC=''
UIC_TR=''
USER_INCLUDES=''
USER_LDFLAGS=''
USE_EXCEPTIONS=''
USE_RTTI=''
USE_THREADS=''
VERSION='0.2'
WOVERLOADED_VIRTUAL=''
XGETTEXT=''
XMLUI_FALSE=''
XMLUI_TRUE=''
X_EXTRA_LIBS=''
X_INCLUDES=''
X_LDFLAGS=''
X_PRE_LIBS=''
ac_ct_CC=''
ac_ct_CXX=''
ac_ct_RANLIB=''
ac_ct_STRIP=''
all_includes=''
all_libraries=''
am__fastdepCC_FALSE=''
am__fastdepCC_TRUE=''
am__fastdepCXX_FALSE=''
am__fastdepCXX_TRUE=''
am__include='include'
am__leading_dot='.'
am__quote=''
bindir='${exec_prefix}/bin'
build='x86_64-unknown-linux-gnu'
build_alias=''
build_cpu='x86_64'
build_os='linux-gnu'
build_vendor='unknown'
datadir='${prefix}/share'
exec_prefix='NONE'
host='arm-unknown-linux-gnu'
host_alias='arm-linux'
host_cpu='arm'
host_os='linux-gnu'
host_vendor='unknown'
includedir='${prefix}/include'
infodir='${prefix}/info'
install_sh='/docker/opt/FriendlyARM/mini2440/arm-qtopia/konq/admin/install-sh'
kde_appsdir=''
kde_bindir=''
kde_confdir=''
kde_datadir=''
kde_htmldir=''
kde_icondir=''
kde_includes=''
kde_libraries=''
kde_libs_htmldir=''
kde_libs_prefix=''
kde_locale=''
kde_mimedir=''
kde_moduledir=''
kde_qtver=''
kde_servicesdir=''
kde_servicetypesdir=''
kde_sounddir=''
kde_styledir=''
kde_templatesdir=''
kde_wallpaperdir=''
kde_widgetdir=''
kjs_debug_mem=''
konq_embed_SUBDIR_included_FALSE=''
konq_embed_SUBDIR_included_TRUE=''
konq_largeicons=''
konq_tmp_prefix=''
libdir='${exec_prefix}/lib'
libexecdir='${exec_prefix}/libexec'
localstatedir='${prefix}/var'
mandir='${prefix}/man'
oldincludedir='/usr/include'
prefix='/usr/local/kde'
program_transform_name='s,^,arm-linux-,'
qt_includes=''
qt_libraries=''
sbindir='${exec_prefix}/sbin'
sharedstatedir='${prefix}/com'
sysconfdir='${prefix}/etc'
target='arm-unknown-linux-gnu'
target_alias='arm-linux'
target_cpu='arm'
target_os='linux-gnu'
target_vendor='unknown'
x_includes='NONE'
x_libraries='NONE'

## ----------- ##
## confdefs.h. ##
## ----------- ##

#define PACKAGE "konqueror-embedded"
#define PACKAGE_BUGREPORT ""
#define PACKAGE_NAME ""
#define PACKAGE_STRING ""
#define PACKAGE_TARNAME ""
#define PACKAGE_VERSION ""
#define VERSION "0.2"

configure: exit 77
